\BOOKMARK [0][-]{chapter*.1}{Abstract}{}% 1
\BOOKMARK [0][-]{chapter*.2}{Preface}{}% 2
\BOOKMARK [0][-]{section*.3}{Contents}{}% 3
\BOOKMARK [0][-]{section*.5}{List of Figures}{}% 4
\BOOKMARK [0][-]{section*.7}{List of Tables}{}% 5
\BOOKMARK [-1][-]{part.1}{I Introduction and Background}{}% 6
\BOOKMARK [0][-]{chapter.1}{Introduction}{part.1}% 7
\BOOKMARK [1][-]{section.1.1}{Motivation}{chapter.1}% 8
\BOOKMARK [1][-]{section.1.2}{Thesis outline}{chapter.1}% 9
\BOOKMARK [0][-]{chapter.2}{Background}{part.1}% 10
\BOOKMARK [1][-]{section.2.1}{Energy Harvesting}{chapter.2}% 11
\BOOKMARK [1][-]{section.2.2}{Wireless Power Transfer}{chapter.2}% 12
\BOOKMARK [1][-]{section.2.3}{This project}{chapter.2}% 13
\BOOKMARK [-1][-]{part.2}{II Component Design and Analysis}{}% 14
\BOOKMARK [0][-]{chapter.3}{Rectifier}{part.2}% 15
\BOOKMARK [1][-]{section.3.1}{Introduction}{chapter.3}% 16
\BOOKMARK [1][-]{section.3.2}{Design}{chapter.3}% 17
\BOOKMARK [1][-]{section.3.3}{Simulation result}{chapter.3}% 18
\BOOKMARK [0][-]{chapter.4}{Low Dropout Regulator}{part.2}% 19
\BOOKMARK [1][-]{section.4.1}{Introduction}{chapter.4}% 20
\BOOKMARK [1][-]{section.4.2}{Design}{chapter.4}% 21
\BOOKMARK [1][-]{section.4.3}{Simulation result}{chapter.4}% 22
\BOOKMARK [0][-]{chapter.5}{Antenna Design}{part.2}% 23
\BOOKMARK [1][-]{section.5.1}{Introduction}{chapter.5}% 24
\BOOKMARK [1][-]{section.5.2}{Inductor Model}{chapter.5}% 25
\BOOKMARK [1][-]{section.5.3}{Inductive Transfer Link}{chapter.5}% 26
\BOOKMARK [1][-]{section.5.4}{Magnetic Resonance Coupling}{chapter.5}% 27
\BOOKMARK [-1][-]{part.3}{III WPT System Design and Implementation}{}% 28
\BOOKMARK [0][-]{chapter.6}{pms and WPT Systems}{part.3}% 29
\BOOKMARK [1][-]{section.6.1}{Introduction}{chapter.6}% 30
\BOOKMARK [1][-]{section.6.2}{Power Management System}{chapter.6}% 31
\BOOKMARK [1][-]{section.6.3}{WPT System}{chapter.6}% 32
\BOOKMARK [-1][-]{part.4}{IV WPT Chip Production, Test and Verification }{}% 33
\BOOKMARK [0][-]{chapter.7}{Test and Verification }{part.4}% 34
\BOOKMARK [1][-]{section.7.1}{Chip and PCB}{chapter.7}% 35
\BOOKMARK [1][-]{section.7.2}{Measurement Setup}{chapter.7}% 36
\BOOKMARK [1][-]{section.7.3}{Measurement Result and Discussion}{chapter.7}% 37
\BOOKMARK [-1][-]{part.5}{V Conclusion}{}% 38
\BOOKMARK [0][-]{chapter.8}{Conclusion}{part.5}% 39
\BOOKMARK [1][-]{section.8.1}{Design issues}{chapter.8}% 40
\BOOKMARK [1][-]{section.8.2}{Future Work}{chapter.8}% 41
\BOOKMARK [0][-]{section*.93}{Appendices}{part.5}% 42
\BOOKMARK [0][-]{Appendix.1.A}{Rectifier Implementation}{part.5}% 43
\BOOKMARK [0][-]{Appendix.1.B}{LDO Implementation}{part.5}% 44
\BOOKMARK [0][-]{Appendix.1.C}{PMS Chip}{part.5}% 45
\BOOKMARK [0][-]{Appendix.1.D}{Test PCBs}{part.5}% 46
\BOOKMARK [0][-]{Appendix.1.E}{Matlab example for PMS measurement}{part.5}% 47
\BOOKMARK [0][-]{section*.107}{Acronyms}{part.5}% 48
\BOOKMARK [0][-]{section*.110}{Bibliography}{part.5}% 49
