This is pdfTeX, Version 3.14159265-2.6-1.40.16 (TeX Live 2015) (preloaded format=pdflatex 2016.2.21)  25 SEP 2017 18:25
entering extended mode
 restricted \write18 enabled.
 file:line:error style messages enabled.
 %&-line parsing enabled.
**ifikompendium.tex
(./ifikompendium.tex
LaTeX2e <2015/01/01>
Babel <3.9l> and hyphenation patterns for 79 languages loaded.
(/usr/local/texlive/2015/texmf-dist/tex/latex/base/fontenc.sty
Package: fontenc 2005/09/27 v1.99g Standard LaTeX package

(/usr/local/texlive/2015/texmf-dist/tex/latex/base/t1enc.def
File: t1enc.def 2005/09/27 v1.99g Standard LaTeX file
LaTeX Font Info:    Redeclaring font encoding T1 on input line 48.
))
(/usr/local/texlive/2015/texmf-dist/tex/latex/eso-pic/eso-pic.sty
Package: eso-pic 2015/04/20 v2.0e eso-pic (RN)

(/usr/local/texlive/2015/texmf-dist/tex/generic/oberdiek/atbegshi.sty
Package: atbegshi 2011/10/05 v1.16 At begin shipout hook (HO)

(/usr/local/texlive/2015/texmf-dist/tex/generic/oberdiek/infwarerr.sty
Package: infwarerr 2010/04/08 v1.3 Providing info/warning/error messages (HO)
)
(/usr/local/texlive/2015/texmf-dist/tex/generic/oberdiek/ltxcmds.sty
Package: ltxcmds 2011/11/09 v1.22 LaTeX kernel commands for general use (HO)
)
(/usr/local/texlive/2015/texmf-dist/tex/generic/oberdiek/ifpdf.sty
Package: ifpdf 2011/01/30 v2.3 Provides the ifpdf switch (HO)
Package ifpdf Info: pdfTeX in PDF mode is detected.
))
(/usr/local/texlive/2015/texmf-dist/tex/latex/graphics/keyval.sty
Package: keyval 2014/10/28 v1.15 key=value parser (DPC)
\KV@toks@=\toks14
)
/usr/local/texlive/2015/texmf-dist/tex/latex/eso-pic/eso-pic.sty:257: Missing \
endcsname inserted.
<to be read again> 
                   \@classoptionslist 
l.257 \ProcessOptionsWithKV{ESO}
                                %
? 
/usr/local/texlive/2015/texmf-dist/tex/latex/eso-pic/eso-pic.sty:257: Emergency
 stop.
<to be read again> 
                   \@classoptionslist 
l.257 \ProcessOptionsWithKV{ESO}
                                %
End of file on the terminal!

 
Here is how much of TeX's memory you used:
 600 strings out of 493089
 8032 string characters out of 6134842
 55177 words of memory out of 5000000
 4157 multiletter control sequences out of 15000+600000
 4403 words of font info for 15 fonts, out of 8000000 for 9000
 1141 hyphenation exceptions out of 8191
 25i,0n,19p,244b,37s stack positions out of 5000i,500n,10000p,200000b,80000s
/usr/local/texlive/2015/texmf-dist/tex/latex/eso-pic/eso-pic.sty:257:  ==> Fata
l error occurred, no output PDF file produced!
