\BOOKMARK [-1][-]{part.1}{I Component Design and Analysis}{}% 1
\BOOKMARK [0][-]{chapter.1}{Rectifier}{part.1}% 2
\BOOKMARK [1][-]{section.1.1}{Introduction}{chapter.1}% 3
\BOOKMARK [1][-]{section.1.2}{Design}{chapter.1}% 4
\BOOKMARK [1][-]{section.1.3}{Simulation result}{chapter.1}% 5
\BOOKMARK [2][-]{subsection.1.3.1}{Transient performance}{section.1.3}% 6
\BOOKMARK [2][-]{subsection.1.3.2}{DC performance}{section.1.3}% 7
\BOOKMARK [0][-]{chapter.2}{Low Dropout Regulator}{part.1}% 8
\BOOKMARK [1][-]{section.2.1}{Introduction}{chapter.2}% 9
\BOOKMARK [1][-]{section.2.2}{Design}{chapter.2}% 10
\BOOKMARK [1][-]{section.2.3}{Simulation result}{chapter.2}% 11
\BOOKMARK [2][-]{subsection.2.3.1}{Transient response}{section.2.3}% 12
\BOOKMARK [2][-]{subsection.2.3.2}{DC response}{section.2.3}% 13
\BOOKMARK [2][-]{subsection.2.3.3}{AC response}{section.2.3}% 14
\BOOKMARK [0][-]{chapter.3}{Antenna Design}{part.1}% 15
\BOOKMARK [1][-]{section.3.1}{Introduction}{chapter.3}% 16
\BOOKMARK [1][-]{section.3.2}{Inductor model}{chapter.3}% 17
\BOOKMARK [1][-]{section.3.3}{Inductive transfer link}{chapter.3}% 18
\BOOKMARK [1][-]{section.3.4}{Magnetic resonance coupling}{chapter.3}% 19
\BOOKMARK [-1][-]{part.2}{II WPT System Design and Implementation}{}% 20
\BOOKMARK [0][-]{chapter.4}{Power Receiving Unit Design}{part.2}% 21
\BOOKMARK [1][-]{section.4.1}{Introduction}{chapter.4}% 22
\BOOKMARK [1][-]{section.4.2}{Power Management System}{chapter.4}% 23
\BOOKMARK [2][-]{subsection.4.2.1}{Transient Response}{section.4.2}% 24
