\BOOKMARK [1][-]{section.1}{Introduction}{}% 1
\BOOKMARK [2][-]{subsection.1.1}{Motivation}{section.1}% 2
\BOOKMARK [3][-]{subsubsection.1.1.1}{Technology Trend}{subsection.1.1}% 3
\BOOKMARK [2][-]{subsection.1.2}{Energy Harvesting}{section.1}% 4
\BOOKMARK [2][-]{subsection.1.3}{Wireless Power Transfer}{section.1}% 5
\BOOKMARK [3][-]{subsubsection.1.3.1}{Non-radiative wireless power transfer}{subsection.1.3}% 6
\BOOKMARK [3][-]{subsubsection.1.3.2}{Radiative wireless power transfer}{subsection.1.3}% 7
\BOOKMARK [1][-]{section.2}{Rectifier}{}% 8
\BOOKMARK [2][-]{subsection.2.1}{Design}{section.2}% 9
\BOOKMARK [2][-]{subsection.2.2}{Transient performance}{section.2}% 10
\BOOKMARK [2][-]{subsection.2.3}{DC performance}{section.2}% 11
\BOOKMARK [1][-]{section.3}{LDO}{}% 12
\BOOKMARK [2][-]{subsection.3.1}{Design}{section.3}% 13
\BOOKMARK [2][-]{subsection.3.2}{Transient response}{section.3}% 14
\BOOKMARK [2][-]{subsection.3.3}{DC response}{section.3}% 15
\BOOKMARK [2][-]{subsection.3.4}{AC response}{section.3}% 16
\BOOKMARK [1][-]{section.4}{Reference and biasing}{}% 17
\BOOKMARK [1][-]{section.5}{Antenna Design}{}% 18
\BOOKMARK [2][-]{subsection.5.1}{Inductor model}{section.5}% 19
\BOOKMARK [2][-]{subsection.5.2}{Inductive link: coupled coils}{section.5}% 20
\BOOKMARK [2][-]{subsection.5.3}{Magnetic Resonance Coupling}{section.5}% 21
\BOOKMARK [1][-]{section.6}{Power Receiving Unit}{}% 22
\BOOKMARK [1][-]{section.7}{Power Management System}{}% 23
\BOOKMARK [1][-]{section.8}{Transient Response}{}% 24
\BOOKMARK [1][-]{section.9}{PRU Unit}{}% 25
\BOOKMARK [1][-]{section.10}{Chip and PCB}{}% 26
